<?xml version="1.0" encoding="UTF-8"?>
<testng-results ignored="0" total="1" passed="1" failed="0" skipped="0">
  <reporter-output>
  </reporter-output>
  <suite started-at="2023-07-25T06:34:58 GMT-07:00" name="Default suite" finished-at="2023-07-25T06:36:04 GMT-07:00" duration-ms="66857">
    <groups>
    </groups>
    <test started-at="2023-07-25T06:34:58 GMT-07:00" name="Default test" finished-at="2023-07-25T06:36:04 GMT-07:00" duration-ms="66857">
      <class name="scripts.TestScript">
        <test-method signature="basicTest()[pri:0, instance:scripts.TestScript@4310d43]" started-at="2023-07-25T06:34:58 GMT-07:00" name="basicTest" finished-at="2023-07-25T06:36:04 GMT-07:00" duration-ms="66512" status="PASS">
          <reporter-output>
          </reporter-output>
        </test-method> <!-- basicTest -->
      </class> <!-- scripts.TestScript -->
    </test> <!-- Default test -->
  </suite> <!-- Default suite -->
</testng-results>
